<?xml version="1.0"?>
<!DOCTYPE coverage SYSTEM "http://cobertura.sourceforge.net/xml/coverage-04.dtd">

<coverage line-rate="0.9753086419753086" branch-rate="0.5" lines-covered="79" lines-valid="81" branches-covered="3" branches-valid="6" complexity="1.5" version="1.9.4.1" timestamp="1356697806654">
	<sources>
		<source>--source</source>
		<source>/Users/mifr/workspace/foss/bill-of-materials/src/main/java</source>
		<source>/Users/mifr/workspace/foss/bill-of-materials/target/generated-sources/plugin</source>
	</sources>
	<packages>
		<package name="net.oneandone.maven.plugins.billofmaterials" line-rate="0.9753086419753086" branch-rate="0.5" complexity="1.5">
			<classes>
				<class name="net.oneandone.maven.plugins.billofmaterials.AbstractBillOfMaterialsMojo" filename="net/oneandone/maven/plugins/billofmaterials/AbstractBillOfMaterialsMojo.java" line-rate="1.0" branch-rate="1.0" complexity="1.0">
					<methods>
						<method name="&lt;clinit&gt;" signature="()V" line-rate="1.0" branch-rate="1.0">
							<lines>
								<line number="34" hits="1" branch="false"/>
							</lines>
						</method>
						<method name="&lt;init&gt;" signature="()V" line-rate="1.0" branch-rate="1.0">
							<lines>
								<line number="54" hits="2" branch="false"/>
								<line number="55" hits="2" branch="false"/>
							</lines>
						</method>
						<method name="&lt;init&gt;" signature="(Ljava/io/File;Lorg/apache/maven/project/MavenProject;)V" line-rate="1.0" branch-rate="1.0">
							<lines>
								<line number="62" hits="10" branch="false"/>
								<line number="63" hits="10" branch="false"/>
								<line number="64" hits="10" branch="false"/>
								<line number="65" hits="10" branch="false"/>
							</lines>
						</method>
						<method name="calculateBillOfMaterialsFile" signature="()Ljava/io/File;" line-rate="1.0" branch-rate="1.0">
							<lines>
								<line number="74" hits="5" branch="false"/>
								<line number="75" hits="5" branch="false"/>
							</lines>
						</method>
						<method name="getProject" signature="()Lorg/apache/maven/project/MavenProject;" line-rate="1.0" branch-rate="1.0">
							<lines>
								<line number="82" hits="11" branch="false"/>
							</lines>
						</method>
					</methods>
					<lines>
						<line number="34" hits="1" branch="false"/>
						<line number="54" hits="2" branch="false"/>
						<line number="55" hits="2" branch="false"/>
						<line number="62" hits="10" branch="false"/>
						<line number="63" hits="10" branch="false"/>
						<line number="64" hits="10" branch="false"/>
						<line number="65" hits="10" branch="false"/>
						<line number="74" hits="5" branch="false"/>
						<line number="75" hits="5" branch="false"/>
						<line number="82" hits="11" branch="false"/>
					</lines>
				</class>
				<class name="net.oneandone.maven.plugins.billofmaterials.CreateBillOfMaterialsMojo" filename="net/oneandone/maven/plugins/billofmaterials/CreateBillOfMaterialsMojo.java" line-rate="0.9777777777777777" branch-rate="0.5" complexity="1.75">
					<methods>
						<method name="&lt;clinit&gt;" signature="()V" line-rate="1.0" branch-rate="1.0">
							<lines>
								<line number="66" hits="1" branch="false"/>
							</lines>
						</method>
						<method name="&lt;init&gt;" signature="()V" line-rate="1.0" branch-rate="1.0">
							<lines>
								<line number="87" hits="1" branch="false"/>
								<line number="88" hits="1" branch="false"/>
								<line number="89" hits="1" branch="false"/>
								<line number="90" hits="1" branch="false"/>
							</lines>
						</method>
						<method name="&lt;init&gt;" signature="(Ljava/io/File;Lorg/apache/maven/project/MavenProject;)V" line-rate="1.0" branch-rate="1.0">
							<lines>
								<line number="71" hits="7" branch="false"/>
								<line number="98" hits="6" branch="false"/>
								<line number="99" hits="6" branch="false"/>
								<line number="100" hits="6" branch="false"/>
								<line number="101" hits="6" branch="false"/>
							</lines>
						</method>
						<method name="addHashEntryForPom" signature="(Ljava/util/List;)V" line-rate="1.0" branch-rate="1.0">
							<lines>
								<line number="139" hits="2" branch="false"/>
								<line number="141" hits="2" branch="false"/>
								<line number="142" hits="2" branch="false"/>
								<line number="144" hits="2" branch="false"/>
								<line number="145" hits="2" branch="false"/>
							</lines>
						</method>
						<method name="execute" signature="()V" line-rate="1.0" branch-rate="1.0">
							<lines>
								<line number="105" hits="2" branch="false"/>
								<line number="107" hits="2" branch="false"/>
								<line number="108" hits="2" branch="false"/>
								<line number="109" hits="2" branch="false"/>
								<line number="110" hits="2" branch="false"/>
								<line number="111" hits="2" branch="false"/>
								<line number="112" hits="1" branch="false"/>
								<line number="113" hits="1" branch="false"/>
								<line number="114" hits="1" branch="false"/>
								<line number="115" hits="1" branch="false"/>
								<line number="116" hits="1" branch="false"/>
							</lines>
						</method>
						<method name="getListOfArtifacts" signature="()Ljava/util/List;" line-rate="1.0" branch-rate="1.0">
							<lines>
								<line number="123" hits="4" branch="false"/>
								<line number="124" hits="4" branch="false"/>
								<line number="125" hits="4" branch="false"/>
								<line number="127" hits="4" branch="true" condition-coverage="100% (2/2)">
									<conditions>
										<condition number="0" type="jump" coverage="100%"/>
									</conditions>
								</line>
								<line number="128" hits="1" branch="false"/>
								<line number="130" hits="4" branch="false"/>
							</lines>
						</method>
						<method name="projectCommentToString" signature="(Ljava/lang/String;)Ljava/lang/String;" line-rate="1.0" branch-rate="1.0">
							<lines>
								<line number="182" hits="3" branch="false"/>
								<line number="183" hits="3" branch="false"/>
							</lines>
						</method>
						<method name="write" signature="(Ljava/lang/String;)V" line-rate="0.8333333333333334" branch-rate="0.25">
							<lines>
								<line number="167" hits="2" branch="false"/>
								<line number="168" hits="2" branch="false"/>
								<line number="169" hits="2" branch="true" condition-coverage="25% (1/4)">
									<conditions>
										<condition number="0" type="jump" coverage="50%"/>
										<condition number="1" type="jump" coverage="0%"/>
									</conditions>
								</line>
								<line number="170" hits="0" branch="false"/>
								<line number="172" hits="2" branch="false"/>
								<line number="173" hits="2" branch="false"/>
							</lines>
						</method>
						<method name="writeResults" signature="(Ljava/util/List;)V" line-rate="1.0" branch-rate="1.0">
							<lines>
								<line number="154" hits="2" branch="false"/>
								<line number="155" hits="2" branch="false"/>
								<line number="156" hits="2" branch="false"/>
								<line number="157" hits="2" branch="false"/>
								<line number="158" hits="2" branch="false"/>
							</lines>
						</method>
					</methods>
					<lines>
						<line number="66" hits="1" branch="false"/>
						<line number="71" hits="7" branch="false"/>
						<line number="87" hits="1" branch="false"/>
						<line number="88" hits="1" branch="false"/>
						<line number="89" hits="1" branch="false"/>
						<line number="90" hits="1" branch="false"/>
						<line number="98" hits="6" branch="false"/>
						<line number="99" hits="6" branch="false"/>
						<line number="100" hits="6" branch="false"/>
						<line number="101" hits="6" branch="false"/>
						<line number="105" hits="2" branch="false"/>
						<line number="107" hits="2" branch="false"/>
						<line number="108" hits="2" branch="false"/>
						<line number="109" hits="2" branch="false"/>
						<line number="110" hits="2" branch="false"/>
						<line number="111" hits="2" branch="false"/>
						<line number="112" hits="1" branch="false"/>
						<line number="113" hits="1" branch="false"/>
						<line number="114" hits="1" branch="false"/>
						<line number="115" hits="1" branch="false"/>
						<line number="116" hits="1" branch="false"/>
						<line number="123" hits="4" branch="false"/>
						<line number="124" hits="4" branch="false"/>
						<line number="125" hits="4" branch="false"/>
						<line number="127" hits="4" branch="true" condition-coverage="100% (2/2)">
							<conditions>
								<condition number="0" type="jump" coverage="100%"/>
							</conditions>
						</line>
						<line number="128" hits="1" branch="false"/>
						<line number="130" hits="4" branch="false"/>
						<line number="139" hits="2" branch="false"/>
						<line number="141" hits="2" branch="false"/>
						<line number="142" hits="2" branch="false"/>
						<line number="144" hits="2" branch="false"/>
						<line number="145" hits="2" branch="false"/>
						<line number="154" hits="2" branch="false"/>
						<line number="155" hits="2" branch="false"/>
						<line number="156" hits="2" branch="false"/>
						<line number="157" hits="2" branch="false"/>
						<line number="158" hits="2" branch="false"/>
						<line number="167" hits="2" branch="false"/>
						<line number="168" hits="2" branch="false"/>
						<line number="169" hits="2" branch="true" condition-coverage="25% (1/4)">
							<conditions>
								<condition number="0" type="jump" coverage="50%"/>
								<condition number="1" type="jump" coverage="0%"/>
							</conditions>
						</line>
						<line number="170" hits="0" branch="false"/>
						<line number="172" hits="2" branch="false"/>
						<line number="173" hits="2" branch="false"/>
						<line number="182" hits="3" branch="false"/>
						<line number="183" hits="3" branch="false"/>
					</lines>
				</class>
				<class name="net.oneandone.maven.plugins.billofmaterials.ReadBillOfMaterialsMojo" filename="net/oneandone/maven/plugins/billofmaterials/ReadBillOfMaterialsMojo.java" line-rate="1.0" branch-rate="1.0" complexity="1.3333333333333333">
					<methods>
						<method name="&lt;clinit&gt;" signature="()V" line-rate="1.0" branch-rate="1.0">
							<lines>
								<line number="58" hits="1" branch="false"/>
							</lines>
						</method>
						<method name="&lt;init&gt;" signature="()V" line-rate="1.0" branch-rate="1.0">
							<lines>
								<line number="64" hits="1" branch="false"/>
								<line number="65" hits="1" branch="false"/>
							</lines>
						</method>
						<method name="&lt;init&gt;" signature="(Ljava/io/File;Lorg/apache/maven/project/MavenProject;)V" line-rate="1.0" branch-rate="1.0">
							<lines>
								<line number="73" hits="2" branch="false"/>
								<line number="74" hits="2" branch="false"/>
							</lines>
						</method>
						<method name="execute" signature="()V" line-rate="1.0" branch-rate="1.0">
							<lines>
								<line number="78" hits="2" branch="false"/>
								<line number="79" hits="2" branch="false"/>
								<line number="80" hits="2" branch="false"/>
								<line number="82" hits="2" branch="false"/>
								<line number="83" hits="1" branch="false"/>
								<line number="84" hits="1" branch="false"/>
								<line number="85" hits="1" branch="false"/>
								<line number="86" hits="1" branch="false"/>
								<line number="88" hits="1" branch="false"/>
								<line number="89" hits="2" branch="false"/>
							</lines>
						</method>
					</methods>
					<lines>
						<line number="58" hits="1" branch="false"/>
						<line number="64" hits="1" branch="false"/>
						<line number="65" hits="1" branch="false"/>
						<line number="73" hits="2" branch="false"/>
						<line number="74" hits="2" branch="false"/>
						<line number="78" hits="2" branch="false"/>
						<line number="79" hits="2" branch="false"/>
						<line number="80" hits="2" branch="false"/>
						<line number="82" hits="2" branch="false"/>
						<line number="83" hits="1" branch="false"/>
						<line number="84" hits="1" branch="false"/>
						<line number="85" hits="1" branch="false"/>
						<line number="86" hits="1" branch="false"/>
						<line number="88" hits="1" branch="false"/>
						<line number="89" hits="2" branch="false"/>
					</lines>
				</class>
				<class name="net.oneandone.maven.plugins.billofmaterials.ToBomStringFunction" filename="net/oneandone/maven/plugins/billofmaterials/ToBomStringFunction.java" line-rate="0.8888888888888888" branch-rate="1.0" complexity="2.0">
					<methods>
						<method name="&lt;init&gt;" signature="(Lcom/google/common/hash/HashFunction;)V" line-rate="1.0" branch-rate="1.0">
							<lines>
								<line number="38" hits="9" branch="false"/>
								<line number="39" hits="9" branch="false"/>
								<line number="40" hits="9" branch="false"/>
							</lines>
						</method>
						<method name="apply" signature="(Ljava/io/File;)Ljava/lang/String;" line-rate="1.0" branch-rate="1.0">
							<lines>
								<line number="46" hits="2" branch="false"/>
								<line number="47" hits="1" branch="false"/>
								<line number="48" hits="1" branch="false"/>
								<line number="49" hits="1" branch="false"/>
								<line number="50" hits="1" branch="false"/>
							</lines>
						</method>
						<method name="apply" signature="(Ljava/lang/Object;)Ljava/lang/Object;" line-rate="0.0" branch-rate="1.0">
							<lines>
								<line number="29" hits="0" branch="false"/>
							</lines>
						</method>
					</methods>
					<lines>
						<line number="29" hits="0" branch="false"/>
						<line number="38" hits="9" branch="false"/>
						<line number="39" hits="9" branch="false"/>
						<line number="40" hits="9" branch="false"/>
						<line number="46" hits="2" branch="false"/>
						<line number="47" hits="1" branch="false"/>
						<line number="48" hits="1" branch="false"/>
						<line number="49" hits="1" branch="false"/>
						<line number="50" hits="1" branch="false"/>
					</lines>
				</class>
				<class name="net.oneandone.maven.plugins.billofmaterials.ToFileFunction" filename="net/oneandone/maven/plugins/billofmaterials/ToFileFunction.java" line-rate="1.0" branch-rate="1.0" complexity="1.0">
					<methods>
						<method name="&lt;init&gt;" signature="()V" line-rate="1.0" branch-rate="1.0">
							<lines>
							</lines>
						</method>
						<method name="apply" signature="(Ljava/lang/Object;)Ljava/lang/Object;" line-rate="1.0" branch-rate="1.0">
							<lines>
								<line number="26" hits="8" branch="false"/>
							</lines>
						</method>
						<method name="apply" signature="(Lorg/apache/maven/artifact/Artifact;)Ljava/io/File;" line-rate="1.0" branch-rate="1.0">
							<lines>
								<line number="30" hits="1" branch="false"/>
							</lines>
						</method>
					</methods>
					<lines>
						<line number="26" hits="8" branch="false"/>
						<line number="30" hits="1" branch="false"/>
					</lines>
				</class>
			</classes>
		</package>
	</packages>
</coverage>
