GROUP,PACKAGE,CLASS,INSTRUCTION_MISSED,INSTRUCTION_COVERED,BRANCH_MISSED,BRANCH_COVERED,LINE_MISSED,LINE_COVERED,COMPLEXITY_MISSED,COMPLEXITY_COVERED,METHOD_MISSED,METHOD_COVERED
1-and-1 :: Bill of Materials Plugin for Maven,net.oneandone.maven.plugins.billofmaterials,ToFileFunction,0,6,0,0,0,2,0,2,0,2
1-and-1 :: Bill of Materials Plugin for Maven,net.oneandone.maven.plugins.billofmaterials,ReadBillOfMaterialsMojo,0,52,0,0,0,15,0,4,0,4
1-and-1 :: Bill of Materials Plugin for Maven,net.oneandone.maven.plugins.billofmaterials,CreateBillOfMaterialsMojo,1,230,1,7,0,46,1,13,0,10
1-and-1 :: Bill of Materials Plugin for Maven,net.oneandone.maven.plugins.billofmaterials,AbstractBillOfMaterialsMojo,0,27,0,0,0,10,0,5,0,5
1-and-1 :: Bill of Materials Plugin for Maven,net.oneandone.maven.plugins.billofmaterials,ToBomStringFunction,0,38,0,0,0,8,0,2,0,2
